<?xml version="1.0" encoding="UTF-8"?>
<!-- Generated by org.testng.reporters.JUnitReportReporter -->
<testsuite hostname="CSPC136" failures="0" tests="2" name="testcases.Post_Request_Test" time="3.402" errors="0" timestamp="7 Mar 2022 11:38:00 GMT">
  <testcase classname="testcases.Post_Request_Test" name="testPostData" time="2.856"/>
  <testcase classname="testcases.Post_Request_Test" name="testPostData" time="0.546"/>
</testsuite> <!-- testcases.Post_Request_Test -->
