<?xml version="1.0" encoding="UTF-8"?>
<!-- Generated by org.testng.reporters.JUnitReportReporter -->
<testsuite hostname="CSPC136" failures="0" tests="10" name="test.LoginTest" time="54.348" errors="0" timestamp="14 Mar 2022 05:58:16 GMT">
  <testcase classname="test.LoginTest" name="enter_valid_username_and_empty_password" time="4.336"/>
  <testcase classname="test.LoginTest" name="enter_invalid_username_and_valid_password" time="4.345"/>
  <testcase classname="test.LoginTest" name="enter_empty_username_and_invalid_password" time="4.358"/>
  <testcase classname="test.LoginTest" name="enter_valid_username_and_valid_password" time="1.366"/>
  <testcase classname="test.LoginTest" name="enter_invalid_username_and_invalid_password" time="4.349"/>
  <testcase classname="test.LoginTest" name="enter_valid_username_and_invalid_password" time="4.893"/>
  <testcase classname="test.LoginTest" name="enter_invalid_username_and_empty_password" time="4.319"/>
  <testcase classname="test.LoginTest" name="open_the_LoginPage_Url" time="17.696"/>
  <testcase classname="test.LoginTest" name="enter_empty_username_and_valid_password" time="4.313"/>
  <testcase classname="test.LoginTest" name="enter_empty_username_and_empty_password" time="4.373"/>
</testsuite> <!-- test.LoginTest -->
